[2022-07-15 12:32:11,835] {taskinstance.py:1179} INFO - Dependencies all met for <TaskInstance: example_bash_operator.runme_1 manual__2022-07-15T12:32:08.818996+00:00 [queued]>
[2022-07-15 12:32:11,893] {taskinstance.py:1179} INFO - Dependencies all met for <TaskInstance: example_bash_operator.runme_1 manual__2022-07-15T12:32:08.818996+00:00 [queued]>
[2022-07-15 12:32:11,896] {taskinstance.py:1376} INFO - 
--------------------------------------------------------------------------------
[2022-07-15 12:32:11,900] {taskinstance.py:1377} INFO - Starting attempt 1 of 1
[2022-07-15 12:32:11,902] {taskinstance.py:1378} INFO - 
--------------------------------------------------------------------------------
[2022-07-15 12:32:11,966] {taskinstance.py:1397} INFO - Executing <Task(BashOperator): runme_1> on 2022-07-15 12:32:08.818996+00:00
[2022-07-15 12:32:11,977] {standard_task_runner.py:52} INFO - Started process 1489 to run task
[2022-07-15 12:32:11,987] {standard_task_runner.py:79} INFO - Running: ['***', 'tasks', 'run', 'example_bash_operator', 'runme_1', 'manual__2022-07-15T12:32:08.818996+00:00', '--job-id', '8', '--raw', '--subdir', '/home/***/.local/lib/python3.7/site-packages/***/example_dags/example_bash_operator.py', '--cfg-path', '/tmp/tmp97wi77m4', '--error-file', '/tmp/tmp32ydvzzr']
[2022-07-15 12:32:11,989] {standard_task_runner.py:80} INFO - Job 8: Subtask runme_1
[2022-07-15 12:32:12,319] {task_command.py:371} INFO - Running <TaskInstance: example_bash_operator.runme_1 manual__2022-07-15T12:32:08.818996+00:00 [running]> on host a9ce84e712fc
[2022-07-15 12:32:12,923] {taskinstance.py:1591} INFO - Exporting the following env vars:
AIRFLOW_CTX_DAG_OWNER=***
AIRFLOW_CTX_DAG_ID=example_bash_operator
AIRFLOW_CTX_TASK_ID=runme_1
AIRFLOW_CTX_EXECUTION_DATE=2022-07-15T12:32:08.818996+00:00
AIRFLOW_CTX_TRY_NUMBER=1
AIRFLOW_CTX_DAG_RUN_ID=manual__2022-07-15T12:32:08.818996+00:00
[2022-07-15 12:32:12,932] {subprocess.py:62} INFO - Tmp dir root location: 
 /tmp
[2022-07-15 12:32:12,940] {subprocess.py:74} INFO - Running command: ['bash', '-c', 'echo "example_bash_operator__runme_1__20220715" && sleep 1']
[2022-07-15 12:32:13,014] {subprocess.py:85} INFO - Output:
[2022-07-15 12:32:13,021] {subprocess.py:92} INFO - example_bash_operator__runme_1__20220715
[2022-07-15 12:32:14,044] {subprocess.py:96} INFO - Command exited with return code 0
[2022-07-15 12:32:14,130] {taskinstance.py:1420} INFO - Marking task as SUCCESS. dag_id=example_bash_operator, task_id=runme_1, execution_date=20220715T123208, start_date=20220715T123211, end_date=20220715T123214
[2022-07-15 12:32:14,203] {local_task_job.py:156} INFO - Task exited with return code 0
[2022-07-15 12:32:14,302] {local_task_job.py:273} INFO - 0 downstream tasks scheduled from follow-on schedule check
