[2022-07-15 12:32:11,285] {taskinstance.py:1179} INFO - Dependencies all met for <TaskInstance: example_bash_operator.runme_2 manual__2022-07-15T12:32:08.818996+00:00 [queued]>
[2022-07-15 12:32:11,377] {taskinstance.py:1179} INFO - Dependencies all met for <TaskInstance: example_bash_operator.runme_2 manual__2022-07-15T12:32:08.818996+00:00 [queued]>
[2022-07-15 12:32:11,386] {taskinstance.py:1376} INFO - 
--------------------------------------------------------------------------------
[2022-07-15 12:32:11,388] {taskinstance.py:1377} INFO - Starting attempt 1 of 1
[2022-07-15 12:32:11,394] {taskinstance.py:1378} INFO - 
--------------------------------------------------------------------------------
[2022-07-15 12:32:11,507] {taskinstance.py:1397} INFO - Executing <Task(BashOperator): runme_2> on 2022-07-15 12:32:08.818996+00:00
[2022-07-15 12:32:11,525] {standard_task_runner.py:52} INFO - Started process 1484 to run task
[2022-07-15 12:32:11,536] {standard_task_runner.py:79} INFO - Running: ['***', 'tasks', 'run', 'example_bash_operator', 'runme_2', 'manual__2022-07-15T12:32:08.818996+00:00', '--job-id', '5', '--raw', '--subdir', '/home/***/.local/lib/python3.7/site-packages/***/example_dags/example_bash_operator.py', '--cfg-path', '/tmp/tmplzvfkw_b', '--error-file', '/tmp/tmp_pjvms7v']
[2022-07-15 12:32:11,544] {standard_task_runner.py:80} INFO - Job 5: Subtask runme_2
[2022-07-15 12:32:11,829] {task_command.py:371} INFO - Running <TaskInstance: example_bash_operator.runme_2 manual__2022-07-15T12:32:08.818996+00:00 [running]> on host a9ce84e712fc
[2022-07-15 12:32:12,119] {taskinstance.py:1591} INFO - Exporting the following env vars:
AIRFLOW_CTX_DAG_OWNER=***
AIRFLOW_CTX_DAG_ID=example_bash_operator
AIRFLOW_CTX_TASK_ID=runme_2
AIRFLOW_CTX_EXECUTION_DATE=2022-07-15T12:32:08.818996+00:00
AIRFLOW_CTX_TRY_NUMBER=1
AIRFLOW_CTX_DAG_RUN_ID=manual__2022-07-15T12:32:08.818996+00:00
[2022-07-15 12:32:12,122] {subprocess.py:62} INFO - Tmp dir root location: 
 /tmp
[2022-07-15 12:32:12,125] {subprocess.py:74} INFO - Running command: ['bash', '-c', 'echo "example_bash_operator__runme_2__20220715" && sleep 1']
[2022-07-15 12:32:12,164] {subprocess.py:85} INFO - Output:
[2022-07-15 12:32:12,169] {subprocess.py:92} INFO - example_bash_operator__runme_2__20220715
[2022-07-15 12:32:13,186] {subprocess.py:96} INFO - Command exited with return code 0
[2022-07-15 12:32:13,370] {taskinstance.py:1420} INFO - Marking task as SUCCESS. dag_id=example_bash_operator, task_id=runme_2, execution_date=20220715T123208, start_date=20220715T123211, end_date=20220715T123213
[2022-07-15 12:32:13,482] {local_task_job.py:156} INFO - Task exited with return code 0
[2022-07-15 12:32:13,611] {local_task_job.py:273} INFO - 0 downstream tasks scheduled from follow-on schedule check
