[2022-07-15 12:32:11,722] {taskinstance.py:1179} INFO - Dependencies all met for <TaskInstance: example_bash_operator.runme_0 manual__2022-07-15T12:32:08.818996+00:00 [queued]>
[2022-07-15 12:32:11,760] {taskinstance.py:1179} INFO - Dependencies all met for <TaskInstance: example_bash_operator.runme_0 manual__2022-07-15T12:32:08.818996+00:00 [queued]>
[2022-07-15 12:32:11,761] {taskinstance.py:1376} INFO - 
--------------------------------------------------------------------------------
[2022-07-15 12:32:11,762] {taskinstance.py:1377} INFO - Starting attempt 1 of 1
[2022-07-15 12:32:11,763] {taskinstance.py:1378} INFO - 
--------------------------------------------------------------------------------
[2022-07-15 12:32:11,821] {taskinstance.py:1397} INFO - Executing <Task(BashOperator): runme_0> on 2022-07-15 12:32:08.818996+00:00
[2022-07-15 12:32:11,834] {standard_task_runner.py:52} INFO - Started process 1487 to run task
[2022-07-15 12:32:11,855] {standard_task_runner.py:79} INFO - Running: ['***', 'tasks', 'run', 'example_bash_operator', 'runme_0', 'manual__2022-07-15T12:32:08.818996+00:00', '--job-id', '12', '--raw', '--subdir', '/home/***/.local/lib/python3.7/site-packages/***/example_dags/example_bash_operator.py', '--cfg-path', '/tmp/tmpbn3f9_9p', '--error-file', '/tmp/tmp3kyw_tk9']
[2022-07-15 12:32:11,857] {standard_task_runner.py:80} INFO - Job 12: Subtask runme_0
[2022-07-15 12:32:12,187] {task_command.py:371} INFO - Running <TaskInstance: example_bash_operator.runme_0 manual__2022-07-15T12:32:08.818996+00:00 [running]> on host a9ce84e712fc
[2022-07-15 12:32:12,773] {taskinstance.py:1591} INFO - Exporting the following env vars:
AIRFLOW_CTX_DAG_OWNER=***
AIRFLOW_CTX_DAG_ID=example_bash_operator
AIRFLOW_CTX_TASK_ID=runme_0
AIRFLOW_CTX_EXECUTION_DATE=2022-07-15T12:32:08.818996+00:00
AIRFLOW_CTX_TRY_NUMBER=1
AIRFLOW_CTX_DAG_RUN_ID=manual__2022-07-15T12:32:08.818996+00:00
[2022-07-15 12:32:12,778] {subprocess.py:62} INFO - Tmp dir root location: 
 /tmp
[2022-07-15 12:32:12,784] {subprocess.py:74} INFO - Running command: ['bash', '-c', 'echo "example_bash_operator__runme_0__20220715" && sleep 1']
[2022-07-15 12:32:12,963] {subprocess.py:85} INFO - Output:
[2022-07-15 12:32:12,986] {subprocess.py:92} INFO - example_bash_operator__runme_0__20220715
[2022-07-15 12:32:14,032] {subprocess.py:96} INFO - Command exited with return code 0
[2022-07-15 12:32:14,101] {taskinstance.py:1420} INFO - Marking task as SUCCESS. dag_id=example_bash_operator, task_id=runme_0, execution_date=20220715T123208, start_date=20220715T123211, end_date=20220715T123214
[2022-07-15 12:32:14,180] {local_task_job.py:156} INFO - Task exited with return code 0
[2022-07-15 12:32:14,266] {local_task_job.py:273} INFO - 1 downstream tasks scheduled from follow-on schedule check
