[2022-07-15 12:32:15,681] {taskinstance.py:1179} INFO - Dependencies all met for <TaskInstance: example_bash_operator.run_after_loop manual__2022-07-15T12:32:08.818996+00:00 [queued]>
[2022-07-15 12:32:15,698] {taskinstance.py:1179} INFO - Dependencies all met for <TaskInstance: example_bash_operator.run_after_loop manual__2022-07-15T12:32:08.818996+00:00 [queued]>
[2022-07-15 12:32:15,699] {taskinstance.py:1376} INFO - 
--------------------------------------------------------------------------------
[2022-07-15 12:32:15,700] {taskinstance.py:1377} INFO - Starting attempt 1 of 1
[2022-07-15 12:32:15,701] {taskinstance.py:1378} INFO - 
--------------------------------------------------------------------------------
[2022-07-15 12:32:15,722] {taskinstance.py:1397} INFO - Executing <Task(BashOperator): run_after_loop> on 2022-07-15 12:32:08.818996+00:00
[2022-07-15 12:32:15,732] {standard_task_runner.py:52} INFO - Started process 1507 to run task
[2022-07-15 12:32:15,744] {standard_task_runner.py:79} INFO - Running: ['***', 'tasks', 'run', 'example_bash_operator', 'run_after_loop', 'manual__2022-07-15T12:32:08.818996+00:00', '--job-id', '15', '--raw', '--subdir', '/home/***/.local/lib/python3.7/site-packages/***/example_dags/example_bash_operator.py', '--cfg-path', '/tmp/tmp1f94wvgq', '--error-file', '/tmp/tmpyqw2_3s8']
[2022-07-15 12:32:15,746] {standard_task_runner.py:80} INFO - Job 15: Subtask run_after_loop
[2022-07-15 12:32:15,871] {task_command.py:371} INFO - Running <TaskInstance: example_bash_operator.run_after_loop manual__2022-07-15T12:32:08.818996+00:00 [running]> on host a9ce84e712fc
[2022-07-15 12:32:16,014] {taskinstance.py:1591} INFO - Exporting the following env vars:
AIRFLOW_CTX_DAG_OWNER=***
AIRFLOW_CTX_DAG_ID=example_bash_operator
AIRFLOW_CTX_TASK_ID=run_after_loop
AIRFLOW_CTX_EXECUTION_DATE=2022-07-15T12:32:08.818996+00:00
AIRFLOW_CTX_TRY_NUMBER=1
AIRFLOW_CTX_DAG_RUN_ID=manual__2022-07-15T12:32:08.818996+00:00
[2022-07-15 12:32:16,018] {subprocess.py:62} INFO - Tmp dir root location: 
 /tmp
[2022-07-15 12:32:16,020] {subprocess.py:74} INFO - Running command: ['bash', '-c', 'echo 1']
[2022-07-15 12:32:16,042] {subprocess.py:85} INFO - Output:
[2022-07-15 12:32:16,046] {subprocess.py:92} INFO - 1
[2022-07-15 12:32:16,048] {subprocess.py:96} INFO - Command exited with return code 0
[2022-07-15 12:32:16,100] {taskinstance.py:1420} INFO - Marking task as SUCCESS. dag_id=example_bash_operator, task_id=run_after_loop, execution_date=20220715T123208, start_date=20220715T123215, end_date=20220715T123216
[2022-07-15 12:32:16,154] {local_task_job.py:156} INFO - Task exited with return code 0
[2022-07-15 12:32:16,207] {local_task_job.py:273} INFO - 0 downstream tasks scheduled from follow-on schedule check
