[2022-07-15 12:32:12,282] {taskinstance.py:1179} INFO - Dependencies all met for <TaskInstance: example_bash_operator.runme_2 scheduled__2022-07-14T00:00:00+00:00 [queued]>
[2022-07-15 12:32:12,318] {taskinstance.py:1179} INFO - Dependencies all met for <TaskInstance: example_bash_operator.runme_2 scheduled__2022-07-14T00:00:00+00:00 [queued]>
[2022-07-15 12:32:12,319] {taskinstance.py:1376} INFO - 
--------------------------------------------------------------------------------
[2022-07-15 12:32:12,320] {taskinstance.py:1377} INFO - Starting attempt 1 of 1
[2022-07-15 12:32:12,321] {taskinstance.py:1378} INFO - 
--------------------------------------------------------------------------------
[2022-07-15 12:32:12,372] {taskinstance.py:1397} INFO - Executing <Task(BashOperator): runme_2> on 2022-07-14 00:00:00+00:00
[2022-07-15 12:32:12,391] {standard_task_runner.py:52} INFO - Started process 1495 to run task
[2022-07-15 12:32:12,426] {standard_task_runner.py:79} INFO - Running: ['***', 'tasks', 'run', 'example_bash_operator', 'runme_2', 'scheduled__2022-07-14T00:00:00+00:00', '--job-id', '14', '--raw', '--subdir', '/home/***/.local/lib/python3.7/site-packages/***/example_dags/example_bash_operator.py', '--cfg-path', '/tmp/tmp06zjo22v', '--error-file', '/tmp/tmpfz7j7nzf']
[2022-07-15 12:32:12,429] {standard_task_runner.py:80} INFO - Job 14: Subtask runme_2
[2022-07-15 12:32:13,014] {task_command.py:371} INFO - Running <TaskInstance: example_bash_operator.runme_2 scheduled__2022-07-14T00:00:00+00:00 [running]> on host a9ce84e712fc
[2022-07-15 12:32:13,468] {taskinstance.py:1591} INFO - Exporting the following env vars:
AIRFLOW_CTX_DAG_OWNER=***
AIRFLOW_CTX_DAG_ID=example_bash_operator
AIRFLOW_CTX_TASK_ID=runme_2
AIRFLOW_CTX_EXECUTION_DATE=2022-07-14T00:00:00+00:00
AIRFLOW_CTX_TRY_NUMBER=1
AIRFLOW_CTX_DAG_RUN_ID=scheduled__2022-07-14T00:00:00+00:00
[2022-07-15 12:32:13,471] {subprocess.py:62} INFO - Tmp dir root location: 
 /tmp
[2022-07-15 12:32:13,473] {subprocess.py:74} INFO - Running command: ['bash', '-c', 'echo "example_bash_operator__runme_2__20220714" && sleep 1']
[2022-07-15 12:32:13,498] {subprocess.py:85} INFO - Output:
[2022-07-15 12:32:13,503] {subprocess.py:92} INFO - example_bash_operator__runme_2__20220714
[2022-07-15 12:32:14,508] {subprocess.py:96} INFO - Command exited with return code 0
[2022-07-15 12:32:14,586] {taskinstance.py:1420} INFO - Marking task as SUCCESS. dag_id=example_bash_operator, task_id=runme_2, execution_date=20220714T000000, start_date=20220715T123212, end_date=20220715T123214
[2022-07-15 12:32:14,656] {local_task_job.py:156} INFO - Task exited with return code 0
[2022-07-15 12:32:14,732] {local_task_job.py:273} INFO - 1 downstream tasks scheduled from follow-on schedule check
