[2022-07-15 12:32:12,020] {taskinstance.py:1179} INFO - Dependencies all met for <TaskInstance: example_bash_operator.this_will_skip manual__2022-07-15T12:32:08.818996+00:00 [queued]>
[2022-07-15 12:32:12,078] {taskinstance.py:1179} INFO - Dependencies all met for <TaskInstance: example_bash_operator.this_will_skip manual__2022-07-15T12:32:08.818996+00:00 [queued]>
[2022-07-15 12:32:12,084] {taskinstance.py:1376} INFO - 
--------------------------------------------------------------------------------
[2022-07-15 12:32:12,086] {taskinstance.py:1377} INFO - Starting attempt 1 of 1
[2022-07-15 12:32:12,087] {taskinstance.py:1378} INFO - 
--------------------------------------------------------------------------------
[2022-07-15 12:32:12,126] {taskinstance.py:1397} INFO - Executing <Task(BashOperator): this_will_skip> on 2022-07-15 12:32:08.818996+00:00
[2022-07-15 12:32:12,138] {standard_task_runner.py:52} INFO - Started process 1492 to run task
[2022-07-15 12:32:12,150] {standard_task_runner.py:79} INFO - Running: ['***', 'tasks', 'run', 'example_bash_operator', 'this_will_skip', 'manual__2022-07-15T12:32:08.818996+00:00', '--job-id', '13', '--raw', '--subdir', '/home/***/.local/lib/python3.7/site-packages/***/example_dags/example_bash_operator.py', '--cfg-path', '/tmp/tmpbw_1ulb_', '--error-file', '/tmp/tmph26qzah5']
[2022-07-15 12:32:12,154] {standard_task_runner.py:80} INFO - Job 13: Subtask this_will_skip
[2022-07-15 12:32:12,479] {task_command.py:371} INFO - Running <TaskInstance: example_bash_operator.this_will_skip manual__2022-07-15T12:32:08.818996+00:00 [running]> on host a9ce84e712fc
[2022-07-15 12:32:13,231] {taskinstance.py:1591} INFO - Exporting the following env vars:
AIRFLOW_CTX_DAG_OWNER=***
AIRFLOW_CTX_DAG_ID=example_bash_operator
AIRFLOW_CTX_TASK_ID=this_will_skip
AIRFLOW_CTX_EXECUTION_DATE=2022-07-15T12:32:08.818996+00:00
AIRFLOW_CTX_TRY_NUMBER=1
AIRFLOW_CTX_DAG_RUN_ID=manual__2022-07-15T12:32:08.818996+00:00
[2022-07-15 12:32:13,238] {subprocess.py:62} INFO - Tmp dir root location: 
 /tmp
[2022-07-15 12:32:13,244] {subprocess.py:74} INFO - Running command: ['bash', '-c', 'echo "hello world"; exit 99;']
[2022-07-15 12:32:13,320] {subprocess.py:85} INFO - Output:
[2022-07-15 12:32:13,329] {subprocess.py:92} INFO - hello world
[2022-07-15 12:32:13,331] {subprocess.py:96} INFO - Command exited with return code 99
[2022-07-15 12:32:13,338] {taskinstance.py:1498} INFO - Bash command returned exit code 99. Skipping.
[2022-07-15 12:32:13,427] {taskinstance.py:1420} INFO - Marking task as SKIPPED. dag_id=example_bash_operator, task_id=this_will_skip, execution_date=20220715T123208, start_date=20220715T123212, end_date=20220715T123213
[2022-07-15 12:32:13,471] {local_task_job.py:156} INFO - Task exited with return code 0
[2022-07-15 12:32:13,563] {local_task_job.py:273} INFO - 0 downstream tasks scheduled from follow-on schedule check
