[2022-07-15 12:32:11,605] {taskinstance.py:1179} INFO - Dependencies all met for <TaskInstance: example_bash_operator.also_run_this manual__2022-07-15T12:32:08.818996+00:00 [queued]>
[2022-07-15 12:32:11,650] {taskinstance.py:1179} INFO - Dependencies all met for <TaskInstance: example_bash_operator.also_run_this manual__2022-07-15T12:32:08.818996+00:00 [queued]>
[2022-07-15 12:32:11,651] {taskinstance.py:1376} INFO - 
--------------------------------------------------------------------------------
[2022-07-15 12:32:11,652] {taskinstance.py:1377} INFO - Starting attempt 1 of 1
[2022-07-15 12:32:11,654] {taskinstance.py:1378} INFO - 
--------------------------------------------------------------------------------
[2022-07-15 12:32:11,687] {taskinstance.py:1397} INFO - Executing <Task(BashOperator): also_run_this> on 2022-07-15 12:32:08.818996+00:00
[2022-07-15 12:32:11,699] {standard_task_runner.py:52} INFO - Started process 1485 to run task
[2022-07-15 12:32:11,707] {standard_task_runner.py:79} INFO - Running: ['***', 'tasks', 'run', 'example_bash_operator', 'also_run_this', 'manual__2022-07-15T12:32:08.818996+00:00', '--job-id', '6', '--raw', '--subdir', '/home/***/.local/lib/python3.7/site-packages/***/example_dags/example_bash_operator.py', '--cfg-path', '/tmp/tmps52w_7jr', '--error-file', '/tmp/tmp2sk0l6fg']
[2022-07-15 12:32:11,709] {standard_task_runner.py:80} INFO - Job 6: Subtask also_run_this
[2022-07-15 12:32:11,971] {task_command.py:371} INFO - Running <TaskInstance: example_bash_operator.also_run_this manual__2022-07-15T12:32:08.818996+00:00 [running]> on host a9ce84e712fc
[2022-07-15 12:32:12,336] {taskinstance.py:1591} INFO - Exporting the following env vars:
AIRFLOW_CTX_DAG_OWNER=***
AIRFLOW_CTX_DAG_ID=example_bash_operator
AIRFLOW_CTX_TASK_ID=also_run_this
AIRFLOW_CTX_EXECUTION_DATE=2022-07-15T12:32:08.818996+00:00
AIRFLOW_CTX_TRY_NUMBER=1
AIRFLOW_CTX_DAG_RUN_ID=manual__2022-07-15T12:32:08.818996+00:00
[2022-07-15 12:32:12,350] {subprocess.py:62} INFO - Tmp dir root location: 
 /tmp
[2022-07-15 12:32:12,364] {subprocess.py:74} INFO - Running command: ['bash', '-c', 'echo "run_id=manual__2022-07-15T12:32:08.818996+00:00 | dag_run=<DagRun example_bash_operator @ 2022-07-15 12:32:08.818996+00:00: manual__2022-07-15T12:32:08.818996+00:00, externally triggered: True>"']
[2022-07-15 12:32:12,422] {subprocess.py:85} INFO - Output:
[2022-07-15 12:32:12,428] {subprocess.py:92} INFO - run_id=manual__2022-07-15T12:32:08.818996+00:00 | dag_run=<DagRun example_bash_operator @ 2022-07-15 12:32:08.818996+00:00: manual__2022-07-15T12:32:08.818996+00:00, externally triggered: True>
[2022-07-15 12:32:12,430] {subprocess.py:96} INFO - Command exited with return code 0
[2022-07-15 12:32:12,649] {taskinstance.py:1420} INFO - Marking task as SUCCESS. dag_id=example_bash_operator, task_id=also_run_this, execution_date=20220715T123208, start_date=20220715T123211, end_date=20220715T123212
[2022-07-15 12:32:12,823] {local_task_job.py:156} INFO - Task exited with return code 0
[2022-07-15 12:32:13,156] {local_task_job.py:273} INFO - 0 downstream tasks scheduled from follow-on schedule check
